<?xml version="1.0" encoding="UTF-8"?>
<!-- Generated by org.testng.reporters.JUnitReportReporter -->
<testsuite hostname="DESKTOP-PQ7S2JC" failures="0" tests="2" name="ecommerce.testcases.FormValidation" time="11.516" errors="0" timestamp="2023-02-28T17:00:53 IST" skipped="0">
  <testcase classname="ecommerce.testcases.FormValidation" name="test" time="0.007"/>
  <system-out/>
  <testcase classname="ecommerce.testcases.FormValidation" name="formValidationtest" time="11.509"/>
  <system-out/>
</testsuite> <!-- ecommerce.testcases.FormValidation -->
