<?xml version="1.0" encoding="UTF-8"?>
<!-- Generated by org.testng.reporters.JUnitReportReporter -->
<testsuite hostname="DESKTOP-PQ7S2JC" failures="0" tests="2" name="ecommerce.testcases.Test02_FormSubmit" time="14.192" errors="0" timestamp="2023-02-28T17:43:38 IST" skipped="0">
  <testcase classname="ecommerce.testcases.Test02_FormSubmit" name="test" time="0.004"/>
  <system-out/>
  <testcase classname="ecommerce.testcases.Test02_FormSubmit" name="formSubmitTest02" time="14.188"/>
  <system-out/>
</testsuite> <!-- ecommerce.testcases.Test02_FormSubmit -->
