<?xml version="1.0" encoding="UTF-8"?>
<!-- Generated by org.testng.reporters.JUnitReportReporter -->
<testsuite hostname="DESKTOP-PQ7S2JC" failures="0" tests="2" name="utilityPackage.SwipeTillLast" time="22.409" errors="0" timestamp="2023-03-14T18:38:21 IST" skipped="0">
  <testcase classname="utilityPackage.SwipeTillLast" name="swipeTest" time="22.401"/>
  <system-out/>
  <testcase classname="utilityPackage.SwipeTillLast" name="test" time="0.008"/>
  <system-out/>
</testsuite> <!-- utilityPackage.SwipeTillLast -->
