<?xml version="1.0" encoding="UTF-8"?>
<!-- Generated by org.testng.reporters.JUnitReportReporter -->
<testsuite hostname="DESKTOP-PQ7S2JC" failures="0" tests="1" name="com.appium.AppiumUdemyDemo.LongPressDemo" time="8.679" errors="0" timestamp="2023-02-21T17:11:31 IST" skipped="0">
  <testcase classname="com.appium.AppiumUdemyDemo.LongPressDemo" name="LongPressTest" time="8.679"/>
  <system-out/>
</testsuite> <!-- com.appium.AppiumUdemyDemo.LongPressDemo -->
