<?xml version="1.0" encoding="UTF-8"?>
<!-- Generated by org.testng.reporters.JUnitReportReporter -->
<testsuite hostname="DESKTOP-PQ7S2JC" failures="0" tests="2" name="utilityPackage.SwipeDemo" time="10.176" errors="0" timestamp="2023-03-14T11:29:24 IST" skipped="0">
  <testcase classname="utilityPackage.SwipeDemo" name="test" time="0.005"/>
  <system-out/>
  <testcase classname="utilityPackage.SwipeDemo" name="swipeTest" time="10.171"/>
  <system-out/>
</testsuite> <!-- utilityPackage.SwipeDemo -->
