<?xml version="1.0" encoding="UTF-8"?>
<!-- Generated by org.testng.reporters.JUnitReportReporter -->
<testsuite hostname="DESKTOP-PQ7S2JC" failures="0" tests="1" name="com.appium.AppiumUdemyDemo.MiscellanousDemo" time="12.464" errors="0" timestamp="2023-02-24T17:06:56 IST" skipped="0">
  <testcase classname="com.appium.AppiumUdemyDemo.MiscellanousDemo" name="MiscellanousTest" time="12.464"/>
  <system-out/>
</testsuite> <!-- com.appium.AppiumUdemyDemo.MiscellanousDemo -->
