<?xml version="1.0" encoding="UTF-8"?>
<!-- Generated by org.testng.reporters.JUnitReportReporter -->
<testsuite hostname="DESKTOP-PQ7S2JC" failures="0" tests="1" name="com.appium.AppiumUdemyDemo.AppiumDemo" time="9.126" errors="0" timestamp="2023-02-21T10:57:58 IST" skipped="0">
  <testcase classname="com.appium.AppiumUdemyDemo.AppiumDemo" name="AppiumDemoTest" time="9.126"/>
  <system-out/>
</testsuite> <!-- com.appium.AppiumUdemyDemo.AppiumDemo -->
