<?xml version="1.0" encoding="UTF-8"?>
<!-- Generated by org.testng.reporters.JUnitReportReporter -->
<testsuite hostname="DESKTOP-PQ7S2JC" failures="0" tests="2" name="ecommerce.testcases.Test05_MobileChromeBrowser" time="10.662" errors="0" timestamp="2023-03-15T14:46:42 IST" skipped="0">
  <testcase classname="ecommerce.testcases.Test05_MobileChromeBrowser" name="test" time="0.009"/>
  <system-out/>
  <testcase classname="ecommerce.testcases.Test05_MobileChromeBrowser" name="chromebrowserTest05" time="10.653"/>
  <system-out/>
</testsuite> <!-- ecommerce.testcases.Test05_MobileChromeBrowser -->
