<?xml version="1.0" encoding="UTF-8"?>
<!-- Generated by org.testng.reporters.JUnitReportReporter -->
<testsuite hostname="DESKTOP-PQ7S2JC" failures="0" tests="2" name="ecommerce.testcases.Test03_AddToCart" time="26.846" errors="0" timestamp="2023-03-10T15:34:20 IST" skipped="0">
  <testcase classname="ecommerce.testcases.Test03_AddToCart" name="test" time="0.006"/>
  <system-out/>
  <testcase classname="ecommerce.testcases.Test03_AddToCart" name="addToCartTest03" time="26.840"/>
  <system-out/>
</testsuite> <!-- ecommerce.testcases.Test03_AddToCart -->
