<?xml version="1.0" encoding="UTF-8"?>
<!-- Generated by org.testng.reporters.JUnitReportReporter -->
<testsuite hostname="DESKTOP-PQ7S2JC" failures="0" tests="1" name="com.appium.AppiumUdemyDemo.DragAndDropDemo" time="5.669" errors="0" timestamp="2023-02-22T19:16:35 IST" skipped="0">
  <testcase classname="com.appium.AppiumUdemyDemo.DragAndDropDemo" name="DragAndDropTest" time="5.669"/>
  <system-out/>
</testsuite> <!-- com.appium.AppiumUdemyDemo.DragAndDropDemo -->
