<?xml version="1.0" encoding="UTF-8"?>
<!-- Generated by org.testng.reporters.JUnitReportReporter -->
<testsuite hostname="DESKTOP-PQ7S2JC" failures="0" tests="1" name="com.appium.AppiumUdemyDemo.AppiumServer" time="0.007" errors="0" timestamp="2023-02-10T13:57:05 IST" skipped="0">
  <testcase classname="com.appium.AppiumUdemyDemo.AppiumServer" name="test" time="0.007"/>
  <system-out/>
</testsuite> <!-- com.appium.AppiumUdemyDemo.AppiumServer -->
