<?xml version="1.0" encoding="UTF-8"?>
<!-- Generated by org.testng.reporters.JUnitReportReporter -->
<testsuite hostname="DESKTOP-PQ7S2JC" failures="0" tests="1" name="com.appium.AppiumUdemyDemo.ScrollToViewDemo" time="21.584" errors="0" timestamp="2023-02-21T19:08:13 IST" skipped="0">
  <testcase classname="com.appium.AppiumUdemyDemo.ScrollToViewDemo" name="ScrollToViewTest" time="21.584"/>
  <system-out/>
</testsuite> <!-- com.appium.AppiumUdemyDemo.ScrollToViewDemo -->
