<?xml version="1.0" encoding="UTF-8"?>
<!-- Generated by org.testng.reporters.JUnitReportReporter -->
<testsuite hostname="DESKTOP-PQ7S2JC" failures="0" tests="1" name="com.appium.AppiumUdemyDemo.SwipeDemo" time="7.707" errors="0" timestamp="2023-02-21T19:19:36 IST" skipped="0">
  <testcase classname="com.appium.AppiumUdemyDemo.SwipeDemo" name="swipeTest" time="7.707"/>
  <system-out/>
</testsuite> <!-- com.appium.AppiumUdemyDemo.SwipeDemo -->
