<?xml version="1.0" encoding="UTF-8"?>
<!-- Generated by org.testng.reporters.JUnitReportReporter -->
<testsuite hostname="DESKTOP-PQ7S2JC" failures="0" tests="1" name="utilityPackage.ScrollToViewDemo" time="6.840" errors="0" timestamp="2023-03-13T12:54:26 IST" skipped="0">
  <testcase classname="utilityPackage.ScrollToViewDemo" name="ScrollToViewTest" time="6.840"/>
  <system-out/>
</testsuite> <!-- utilityPackage.ScrollToViewDemo -->
