<?xml version="1.0" encoding="UTF-8"?>
<!-- Generated by org.testng.reporters.JUnitReportReporter -->
<testsuite hostname="DESKTOP-PQ7S2JC" failures="0" tests="1" name="com.appium.AppiumUdemyDemo.BaseClassAutoServer" time="6.296" errors="0" timestamp="2023-02-17T16:23:43 IST" skipped="0">
  <testcase classname="com.appium.AppiumUdemyDemo.BaseClassAutoServer" name="test" time="6.296"/>
  <system-out/>
</testsuite> <!-- com.appium.AppiumUdemyDemo.BaseClassAutoServer -->
