<?xml version="1.0" encoding="UTF-8"?>
<!-- Generated by org.testng.reporters.JUnitReportReporter -->
<testsuite hostname="DESKTOP-PQ7S2JC" failures="0" tests="2" name="ecommerce.testcases.Test04_VerifyTotalPrice" time="42.549" errors="0" timestamp="2023-03-15T14:06:52 IST" skipped="0">
  <testcase classname="ecommerce.testcases.Test04_VerifyTotalPrice" name="test" time="0.006"/>
  <system-out/>
  <testcase classname="ecommerce.testcases.Test04_VerifyTotalPrice" name="verifyTotalPriceTest04" time="42.543"/>
  <system-out/>
</testsuite> <!-- ecommerce.testcases.Test04_VerifyTotalPrice -->
