<?xml version="1.0" encoding="UTF-8"?>
<!-- Generated by org.testng.reporters.JUnitReportReporter -->
<testsuite hostname="DESKTOP-PQ7S2JC" failures="0" tests="2" name="utilityPackage.DragAndDropDemo" time="7.333" errors="0" timestamp="2023-03-14T15:49:56 IST" skipped="0">
  <testcase classname="utilityPackage.DragAndDropDemo" name="test" time="0.003"/>
  <system-out/>
  <testcase classname="utilityPackage.DragAndDropDemo" name="DragAndDropTest" time="7.330"/>
  <system-out/>
</testsuite> <!-- utilityPackage.DragAndDropDemo -->
